/*C1*/SET SCHEMA SYSTEM_LOBS
INSERT INTO BLOCKS VALUES(0,2147483647,0)
COMMIT
/*C2*/SET SCHEMA PUBLIC
drop table user if exists
drop sequence hibernate_sequence if exists
create sequence hibernate_sequence start with 1 increment by 1
create table user (id bigint not null, activated boolean not null, password varchar(255), user_name varchar(255), primary key (id))
INSERT INTO USER VALUES(1,TRUE,'matapass','marcomata')
INSERT INTO USER VALUES(2,TRUE,'musterpass','hansmuster')
INSERT INTO USER VALUES(3,FALSE,'grandepass','locogrande')
INSERT INTO USER VALUES(4,FALSE,'boypass','ninjaboy')
ALTER SEQUENCE PUBLIC.HIBERNATE_SEQUENCE RESTART WITH 5
COMMIT
drop table user if exists
drop sequence hibernate_sequence if exists
DISCONNECT
/*C3*/SET SCHEMA PUBLIC
DISCONNECT
/*C4*/SET SCHEMA PUBLIC
DISCONNECT
/*C5*/SET SCHEMA PUBLIC
DISCONNECT
/*C6*/SET SCHEMA PUBLIC
DISCONNECT
/*C7*/SET SCHEMA PUBLIC
DISCONNECT
/*C8*/SET SCHEMA PUBLIC
DISCONNECT
/*C9*/SET SCHEMA PUBLIC
DISCONNECT
/*C10*/SET SCHEMA PUBLIC
DISCONNECT
/*C11*/SET SCHEMA PUBLIC
DISCONNECT
